Arguments: 
  C:\Program Files\nodejs\node.exe C:\Program Files (x86)\Yarn\bin\yarn.js install

PATH: 
  C:\Python27\;C:\Python27\Scripts;C:\Windows\system32;C:\Windows;C:\Windows\System32\Wbem;C:\Windows\System32\WindowsPowerShell\v1.0\;C:\Windows\System32\OpenSSH\;C:\Program Files\Git\cmd;C:\Program Files\nodejs\;C:\ProgramData\chocolatey\bin;C:\Program Files (x86)\Yarn\bin\;C:\Program Files\Docker\Docker\resources\bin;C:\ProgramData\DockerDesktop\version-bin;C:\Users\F10 Solutions\AppData\Local\Microsoft\WindowsApps;;C:\Users\F10 Solutions\AppData\Local\Programs\Microsoft VS Code\bin;C:\Users\F10 Solutions\AppData\Roaming\npm;C:\Users\F10 Solutions\AppData\Local\Yarn\bin

Yarn version: 
  1.21.1

Node version: 
  12.14.1

Platform: 
  win32 x64

Trace: 
  Error: https://registry.yarnpkg.com/@material-ui/icons/-/icons-4.4.3.tgz: ESOCKETTIMEDOUT
      at ClientRequest.<anonymous> (C:\Program Files (x86)\Yarn\lib\cli.js:141292:19)
      at Object.onceWrapper (events.js:312:28)
      at ClientRequest.emit (events.js:223:5)
      at TLSSocket.emitRequestTimeout (_http_client.js:690:9)
      at Object.onceWrapper (events.js:312:28)
      at TLSSocket.emit (events.js:223:5)
      at TLSSocket.Socket._onTimeout (net.js:474:8)
      at listOnTimeout (internal/timers.js:531:17)
      at processTimers (internal/timers.js:475:7)

npm manifest: 
  {
    "name": "lawyer-assistant",
    "version": "1.0.0",
    "main": "cases.js",
    "repository": "https://github.com/rafaewaqarqazi/lawyer-assistant.git",
    "author": "rafaewaqarqazi <rafaewaqar@gmail.com>",
    "license": "MIT",
    "dependencies": {
      "@date-io/date-fns": "1.3.9",
      "@material-ui/core": "4.5.0",
      "@material-ui/icons": "4.4.3",
      "@material-ui/pickers": "3.2.4",
      "@material-ui/styles": "4.5.0",
      "@react-pdf/renderer": "1.6.4",
      "@zeit/next-css": "1.0.1",
      "aos": "3.0.0-beta.6",
      "clsx": "1.0.4",
      "compression": "1.7.4",
      "cookie-parser": "1.4.4",
      "cors": "2.8.5",
      "cross-env": "5.2.1",
      "date-fns": "2.0.0-beta.5",
      "dotenv": "8.0.0",
      "express": "4.17.1",
      "express-jwt": "5.3.1",
      "generate-password": "1.4.2",
      "isomorphic-unfetch": "3.0.0",
      "js-cookie": "2.2.0",
      "jsonwebtoken": "8.5.1",
      "lodash": "4.17.15",
      "material-ui-dropzone": "2.4.0",
      "moment": "2.24.0",
      "mongoose": "5.6.5",
      "morgan": "1.9.1",
      "multer": "1.4.2",
      "next": "9.2.1",
      "next-cookies": "1.1.2",
      "node-sass": "4.12.0",
      "nodemailer": "6.3.0",
      "nodemon": "1.19.1",
      "react": "16.12.0",
      "react-avatar-editor": "11.0.7",
      "react-dom": "16.12.0",
      "react-google-charts": "3.0.15",
      "react-swipeable-views": "0.13.3",
      "react-window": "1.8.5",
      "uuid": "3.3.2"
    }
  }

yarn manifest: 
  No manifest

Lockfile: 
  No lockfile
